Started on Apr 14, 2024, 2:17:42 PM
Started by event from 140.82.115.107 ⇒ https://jenkins.thanhtha.name.vn:8080/github-webhook/ on Sun Apr 14 14:17:40 UTC 2024
Using strategy: Default
[poll] Last Built Revision: Revision c0e7392760cc190ea5683c6b36e5141281b50df0 (refs/remotes/origin/master)
Selected Git installation does not exist. Using Default
The recommended git tool is: NONE
No credentials specified
 > git --version # timeout=10
 > git --version # 'git version 2.39.2'
 > git ls-remote -h -- https://github.com/tnubeo1111/cicd-jenkins.git # timeout=10
Found 1 remote heads on https://github.com/tnubeo1111/cicd-jenkins.git
[poll] Latest remote head revision on refs/heads/master is: 3a2761f567371b28e69dc0405bedc7e9e812607f
Using strategy: Default
[poll] Last Built Revision: Revision c0e7392760cc190ea5683c6b36e5141281b50df0 (refs/remotes/origin/master)
Selected Git installation does not exist. Using Default
The recommended git tool is: NONE
No credentials specified
 > git --version # timeout=10
 > git --version # 'git version 2.39.2'
 > git ls-remote -h -- https://github.com/tnubeo1111/cicd-jenkins.git # timeout=10
Found 1 remote heads on https://github.com/tnubeo1111/cicd-jenkins.git
[poll] Latest remote head revision on refs/heads/master is: 3a2761f567371b28e69dc0405bedc7e9e812607f
Done. Took 2 sec
Changes found
