Started on Apr 21, 2024, 8:31:30 AM
Started by event from 140.82.115.242 ⇒ https://jenkins.thanhtha.name.vn:8080/github-webhook/ on Sun Apr 21 08:31:28 UTC 2024
Using strategy: Default
[poll] Last Built Revision: Revision 6144a2f59e32e738ef399792cae87ecbb8c53e3c (refs/remotes/origin/master)
Selected Git installation does not exist. Using Default
The recommended git tool is: NONE
No credentials specified
 > git --version # timeout=10
 > git --version # 'git version 2.39.2'
 > git ls-remote -h -- https://github.com/tnubeo1111/cicd-jenkins.git # timeout=10
Found 1 remote heads on https://github.com/tnubeo1111/cicd-jenkins.git
[poll] Latest remote head revision on refs/heads/master is: cd358f54f3453acc903177fe45e35a242e4fc2ba
Using strategy: Default
[poll] Last Built Revision: Revision 6144a2f59e32e738ef399792cae87ecbb8c53e3c (refs/remotes/origin/master)
Selected Git installation does not exist. Using Default
The recommended git tool is: NONE
No credentials specified
 > git --version # timeout=10
 > git --version # 'git version 2.39.2'
 > git ls-remote -h -- https://github.com/tnubeo1111/cicd-jenkins.git # timeout=10
Found 1 remote heads on https://github.com/tnubeo1111/cicd-jenkins.git
[poll] Latest remote head revision on refs/heads/master is: cd358f54f3453acc903177fe45e35a242e4fc2ba
Done. Took 2.6 sec
Changes found
