--- Copying files at Mon Feb 26 04:45:08 UTC 2024
--- Copying files at Thu Feb 29 15:36:36 UTC 2024
--- Copying files at Thu Feb 29 15:43:13 UTC 2024
--- Copying files at Thu Feb 29 15:48:22 UTC 2024
--- Copying files at Thu Feb 29 16:02:17 UTC 2024
--- Copying files at Thu Feb 29 16:07:54 UTC 2024
--- Copying files at Thu Feb 29 16:08:22 UTC 2024
--- Copying files at Thu Feb 29 16:15:59 UTC 2024
--- Copying files at Thu Feb 29 16:17:13 UTC 2024
--- Copying files at Thu Feb 29 16:18:32 UTC 2024
--- Copying files at Thu Feb 29 16:19:49 UTC 2024
--- Copying files at Thu Feb 29 16:20:32 UTC 2024
--- Copying files at Thu Feb 29 16:21:15 UTC 2024
--- Copying files at Thu Feb 29 16:23:00 UTC 2024
--- Copying files at Thu Feb 29 16:23:57 UTC 2024
--- Copying files at Thu Feb 29 16:26:25 UTC 2024
--- Copying files at Thu Feb 29 16:28:55 UTC 2024
--- Copying files at Thu Feb 29 16:30:41 UTC 2024
--- Copying files at Thu Feb 29 16:34:30 UTC 2024
--- Copying files at Thu Feb 29 16:41:27 UTC 2024
--- Copying files at Thu Feb 29 16:43:08 UTC 2024
--- Copying files at Thu Feb 29 16:43:29 UTC 2024
--- Copying files at Thu Feb 29 16:44:47 UTC 2024
--- Copying files at Sat Mar  2 05:59:06 UTC 2024
--- Copying files at Sat Mar  2 05:59:24 UTC 2024
--- Copying files at Sat Mar  2 06:53:31 UTC 2024
--- Copying files at Sat Mar  2 08:21:08 UTC 2024
--- Copying files at Sat Mar  2 08:23:52 UTC 2024
--- Copying files at Sat Apr 13 15:37:18 UTC 2024
--- Copying files at Sat Apr 13 15:39:53 UTC 2024
--- Copying files at Sat Apr 13 15:41:09 UTC 2024
--- Copying files at Sat Apr 13 15:43:37 UTC 2024
--- Copying files at Sat Apr 13 15:45:20 UTC 2024
--- Copying files at Sat Apr 13 15:47:08 UTC 2024
--- Copying files at Sat Apr 13 15:48:04 UTC 2024
--- Copying files at Sat Apr 13 15:54:59 UTC 2024
--- Copying files at Sat Apr 13 15:57:50 UTC 2024
--- Copying files at Sat Apr 13 16:12:50 UTC 2024
--- Copying files at Sat Apr 13 16:25:45 UTC 2024
--- Copying files at Sun Apr 14 12:53:52 UTC 2024
--- Copying files at Sun Apr 14 12:58:41 UTC 2024
--- Copying files at Sun Apr 14 13:00:21 UTC 2024
--- Copying files at Sun Apr 14 13:09:52 UTC 2024
--- Copying files at Sun Apr 14 13:13:58 UTC 2024
--- Copying files at Sun Apr 14 13:15:38 UTC 2024
--- Copying files at Sun Apr 14 13:22:59 UTC 2024
--- Copying files at Sun Apr 14 14:00:48 UTC 2024
--- Copying files at Sun Apr 14 14:04:53 UTC 2024
--- Copying files at Sun Apr 14 14:06:43 UTC 2024
--- Copying files at Sun Apr 14 14:11:58 UTC 2024
--- Copying files at Sun Apr 14 14:13:54 UTC 2024
--- Copying files at Sun Apr 14 14:20:49 UTC 2024
--- Copying files at Sun Apr 21 08:02:58 UTC 2024
--- Copying files at Sun Apr 21 08:04:04 UTC 2024
--- Copying files at Sun Apr 21 08:06:43 UTC 2024
--- Copying files at Sun Apr 21 08:09:37 UTC 2024
--- Copying files at Sun Apr 21 08:17:17 UTC 2024
--- Copying files at Sun Apr 21 08:20:48 UTC 2024
--- Copying files at Sun Apr 21 08:27:36 UTC 2024
--- Copying files at Sun Apr 21 08:44:32 UTC 2024
--- Copying files at Sun Apr 21 08:49:08 UTC 2024
--- Copying files at Sun Apr 21 08:58:15 UTC 2024
