Started at Thu Mar 07 11:46:02 UTC 2024
Processing test-jobs
Offering test-jobs to Project Build Discarder
Finished at Thu Mar 07 11:46:02 UTC 2024. 17ms
Started at Thu Mar 07 12:46:02 UTC 2024
Processing test-jobs
Offering test-jobs to Project Build Discarder
Finished at Thu Mar 07 12:46:02 UTC 2024. 8ms
Started at Thu Mar 07 13:46:02 UTC 2024
Processing test-jobs
Offering test-jobs to Project Build Discarder
Finished at Thu Mar 07 13:46:02 UTC 2024. 15ms
Started at Thu Mar 07 14:46:02 UTC 2024
Processing test-jobs
Offering test-jobs to Project Build Discarder
Finished at Thu Mar 07 14:46:02 UTC 2024. 8ms
Started at Thu Mar 07 15:46:02 UTC 2024
Processing test-jobs
Offering test-jobs to Project Build Discarder
Finished at Thu Mar 07 15:46:02 UTC 2024. 13ms
Started at Thu Mar 07 16:46:02 UTC 2024
Processing test-jobs
Offering test-jobs to Project Build Discarder
Finished at Thu Mar 07 16:46:02 UTC 2024. 7ms
Started at Thu Mar 07 17:46:02 UTC 2024
Processing test-jobs
Offering test-jobs to Project Build Discarder
Finished at Thu Mar 07 17:46:02 UTC 2024. 11ms
Started at Thu Mar 07 18:46:02 UTC 2024
Processing test-jobs
Offering test-jobs to Project Build Discarder
Finished at Thu Mar 07 18:46:02 UTC 2024. 19ms
Started at Thu Mar 07 19:46:02 UTC 2024
Processing test-jobs
Offering test-jobs to Project Build Discarder
Finished at Thu Mar 07 19:46:02 UTC 2024. 8ms
Started at Thu Mar 07 20:46:02 UTC 2024
Processing test-jobs
Offering test-jobs to Project Build Discarder
Finished at Thu Mar 07 20:46:02 UTC 2024. 6ms
Started at Thu Mar 07 21:46:02 UTC 2024
Processing test-jobs
Offering test-jobs to Project Build Discarder
Finished at Thu Mar 07 21:46:02 UTC 2024. 20ms
Started at Thu Mar 07 22:46:02 UTC 2024
Processing test-jobs
Offering test-jobs to Project Build Discarder
Finished at Thu Mar 07 22:46:02 UTC 2024. 11ms
Started at Thu Mar 07 23:46:02 UTC 2024
Processing test-jobs
Offering test-jobs to Project Build Discarder
Finished at Thu Mar 07 23:46:02 UTC 2024. 8ms
Started at Fri Mar 08 00:46:02 UTC 2024
Processing test-jobs
Offering test-jobs to Project Build Discarder
Finished at Fri Mar 08 00:46:02 UTC 2024. 8ms
Started at Fri Mar 08 01:46:02 UTC 2024
Processing test-jobs
Offering test-jobs to Project Build Discarder
Finished at Fri Mar 08 01:46:02 UTC 2024. 7ms
Started at Fri Mar 08 02:46:02 UTC 2024
Processing test-jobs
Offering test-jobs to Project Build Discarder
Finished at Fri Mar 08 02:46:02 UTC 2024. 9ms
Started at Fri Mar 08 03:46:02 UTC 2024
Processing test-jobs
Offering test-jobs to Project Build Discarder
Finished at Fri Mar 08 03:46:02 UTC 2024. 9ms
Started at Fri Mar 08 04:46:02 UTC 2024
Processing test-jobs
Offering test-jobs to Project Build Discarder
Finished at Fri Mar 08 04:46:02 UTC 2024. 8ms
Started at Fri Mar 08 05:46:02 UTC 2024
Processing test-jobs
Offering test-jobs to Project Build Discarder
Finished at Fri Mar 08 05:46:02 UTC 2024. 6ms
Started at Fri Mar 08 06:46:02 UTC 2024
Processing test-jobs
Offering test-jobs to Project Build Discarder
Finished at Fri Mar 08 06:46:02 UTC 2024. 15ms
Started at Fri Mar 08 07:46:02 UTC 2024
Processing test-jobs
Offering test-jobs to Project Build Discarder
Finished at Fri Mar 08 07:46:02 UTC 2024. 24ms
