2023/10/04 15:03:15 [notice] 19#19: using the "epoll" event method
2023/10/04 15:03:15 [notice] 19#19: nginx/1.25.2
2023/10/04 15:03:15 [notice] 19#19: built by gcc 12.2.0 (Debian 12.2.0-14) 
2023/10/04 15:03:15 [notice] 19#19: OS: Linux 5.4.0-162-generic
2023/10/04 15:03:15 [notice] 19#19: getrlimit(RLIMIT_NOFILE): 1048576:1048576
2023/10/04 15:03:15 [notice] 19#19: start worker processes
2023/10/04 15:03:15 [notice] 19#19: start worker process 26
2023/10/04 15:03:15 [notice] 19#19: start worker process 27
2023/10/04 15:03:15 [notice] 25#25: signal process started
2023/10/04 15:03:15 [notice] 19#19: signal 1 (SIGHUP) received from 25, reconfiguring
2023/10/04 15:03:15 [notice] 19#19: reconfiguring
2023/10/04 15:03:15 [notice] 19#19: using the "epoll" event method
2023/10/04 15:03:15 [notice] 19#19: start worker processes
2023/10/04 15:03:15 [notice] 19#19: start worker process 30
2023/10/04 15:03:15 [notice] 19#19: start worker process 31
2023/10/04 15:03:15 [notice] 27#27: gracefully shutting down
2023/10/04 15:03:15 [notice] 27#27: exiting
2023/10/04 15:03:15 [notice] 27#27: exit
2023/10/04 15:03:15 [notice] 26#26: gracefully shutting down
2023/10/04 15:03:15 [notice] 26#26: exiting
2023/10/04 15:03:15 [notice] 26#26: exit
2023/10/04 15:03:15 [notice] 19#19: signal 17 (SIGCHLD) received from 26
2023/10/04 15:03:15 [notice] 19#19: worker process 26 exited with code 0
2023/10/04 15:03:15 [notice] 19#19: signal 29 (SIGIO) received
2023/10/04 15:03:15 [notice] 19#19: signal 17 (SIGCHLD) received from 27
2023/10/04 15:03:15 [notice] 19#19: worker process 27 exited with code 0
2023/10/04 15:03:15 [notice] 19#19: signal 29 (SIGIO) received
2023/10/04 15:05:54 [notice] 18#18: using the "epoll" event method
2023/10/04 15:05:54 [notice] 18#18: nginx/1.25.2
2023/10/04 15:05:54 [notice] 18#18: built by gcc 12.2.0 (Debian 12.2.0-14) 
2023/10/04 15:05:54 [notice] 18#18: OS: Linux 5.4.0-162-generic
2023/10/04 15:05:54 [notice] 18#18: getrlimit(RLIMIT_NOFILE): 1048576:1048576
2023/10/04 15:05:54 [notice] 18#18: start worker processes
2023/10/04 15:05:54 [notice] 18#18: start worker process 23
2023/10/04 15:05:54 [notice] 18#18: start worker process 24
2023/10/04 15:05:55 [notice] 26#26: signal process started
2023/10/04 15:05:55 [notice] 18#18: signal 1 (SIGHUP) received from 26, reconfiguring
2023/10/04 15:05:55 [notice] 18#18: reconfiguring
2023/10/04 15:05:55 [notice] 18#18: using the "epoll" event method
2023/10/04 15:05:55 [notice] 18#18: start worker processes
2023/10/04 15:05:55 [notice] 18#18: start worker process 29
2023/10/04 15:05:55 [notice] 18#18: start worker process 30
2023/10/04 15:05:55 [notice] 23#23: gracefully shutting down
2023/10/04 15:05:55 [notice] 24#24: gracefully shutting down
2023/10/04 15:05:55 [notice] 24#24: exiting
2023/10/04 15:05:55 [notice] 23#23: exiting
2023/10/04 15:05:55 [notice] 23#23: exit
2023/10/04 15:05:55 [notice] 24#24: exit
2023/10/04 15:05:55 [notice] 18#18: signal 17 (SIGCHLD) received from 23
2023/10/04 15:05:55 [notice] 18#18: worker process 23 exited with code 0
2023/10/04 15:05:55 [notice] 18#18: signal 29 (SIGIO) received
2023/10/04 15:05:55 [notice] 18#18: signal 17 (SIGCHLD) received from 24
2023/10/04 15:05:55 [notice] 18#18: worker process 24 exited with code 0
2023/10/04 15:05:55 [notice] 18#18: signal 29 (SIGIO) received
